<?xml version="1.0" encoding="UTF-8" standalone="no"?>
<testsuite failures="0" name="cucumber.runtime.formatter.JUnitFormatter" skipped="0" tests="1" time="13.839507">
<testcase classname="Login" name="Successful Login with Valid Credentials" time="13.839507">
<system-out><![CDATA[Given Given User Launch Chrome browser......................................passed
When User opens URL "http://admin-demo.nopcommerce.com/login"...............passed
And User enters Email as "admin@yourstore.com" and Password as "admin"......passed
And Click on Login..........................................................passed
Then Page Title should be "Dashboard / nopCommerce administration"..........passed
When User click on Log out link.............................................passed
Then Page Title should be "Your store. Login"...............................passed
And close browser...........................................................passed
]]></system-out>
</testcase>
</testsuite>
