<?xml version="1.0" encoding="UTF-8"?>
<testsuite xmlns:xsi="http://www.w3.org/2001/XMLSchema-instance" xsi:noNamespaceSchemaLocation="https://maven.apache.org/surefire/maven-surefire-plugin/xsd/surefire-test-report.xsd" name="testRunner.TestRun" time="47.16" tests="3" errors="1" skipped="0" failures="0">
  <properties>
[...]
</properties>
  <testcase name="Add a new Customer" classname="Customers" time="21.749"/>
  <testcase name="Search Customer by EMailID" classname="Customers" time="12.22">
    <error message="element not interactable&#10;  (Session info: chrome=81.0.4044.138)&#10;Build info: version: &apos;3.141.59&apos;, revision: &apos;e82be7d358&apos;, time: &apos;2018-11-14T08:17:03&apos;&#10;System info: host: &apos;DESKTOP-85OHJUG&apos;, ip: &apos;192.168.0.22&apos;, os.name: &apos;Windows 10&apos;, os.arch: &apos;amd64&apos;, os.version: &apos;10.0&apos;, java.version: &apos;1.8.0_241&apos;&#10;Driver info: org.openqa.selenium.chrome.ChromeDriver&#10;Capabilities {acceptInsecureCerts: false, browserName: chrome, browserVersion: 81.0.4044.138, chrome: {chromedriverVersion: 81.0.4044.138 (8c6c7ba89cc9..., userDataDir: C:\Users\Viji\AppData\Local...}, goog:chromeOptions: {debuggerAddress: localhost:58042}, javascriptEnabled: true, networkConnectionEnabled: false, pageLoadStrategy: normal, platform: WINDOWS, platformName: WINDOWS, proxy: Proxy(), setWindowRect: true, strictFileInteractability: false, timeouts: {implicit: 0, pageLoad: 300000, script: 30000}, unhandledPromptBehavior: dismiss and notify, webauthn:virtualAuthenticators: true}&#10;Session ID: 1847ec3e5b245267f4a01e034ff2813c" type="org.openqa.selenium.ElementNotInteractableException">org.openqa.selenium.ElementNotInteractableException: 
element not interactable
  (Session info: chrome=81.0.4044.138)
Build info: version: '3.141.59', revision: 'e82be7d358', time: '2018-11-14T08:17:03'
System info: host: 'DESKTOP-85OHJUG', ip: '192.168.0.22', os.name: 'Windows 10', os.arch: 'amd64', os.version: '10.0', java.version: '1.8.0_241'
Driver info: org.openqa.selenium.chrome.ChromeDriver
Capabilities {acceptInsecureCerts: false, browserName: chrome, browserVersion: 81.0.4044.138, chrome: {chromedriverVersion: 81.0.4044.138 (8c6c7ba89cc9..., userDataDir: C:\Users\Viji\AppData\Local...}, goog:chromeOptions: {debuggerAddress: localhost:58042}, javascriptEnabled: true, networkConnectionEnabled: false, pageLoadStrategy: normal, platform: WINDOWS, platformName: WINDOWS, proxy: Proxy(), setWindowRect: true, strictFileInteractability: false, timeouts: {implicit: 0, pageLoad: 300000, script: 30000}, unhandledPromptBehavior: dismiss and notify, webauthn:virtualAuthenticators: true}
Session ID: 1847ec3e5b245267f4a01e034ff2813c
</error>
    <system-out><![CDATA[
  Background: Below are common steps for every scenario                    # Features/Customers.feature:3
C:\Users\Viji\IdeaProjects\SeleniumMavenBDD//src/test//java//config//config.properties
BrowserName chrome
[DEBUG] Preference chrome=81 (valid until 2020-05-21 12:51:14)
[DEBUG] Preference chrome81=81.0.4044.138 (valid until 2020-05-21 12:51:14)
[INFO] Using chromedriver 81.0.4044.138 (since Google Chrome 81 is installed in your machine)
[DEBUG] Driver chromedriver 81.0.4044.138 found in cache
[INFO] Exporting webdriver.chrome.driver as C:\Users\Viji\.m2\repository\webdriver\chromedriver\win32\81.0.4044.138\chromedriver.exe
    Given Given User Launch Chrome browser                                 # Steps.given_User_Launch_Chrome_browser()
    When User opens URL "http://admin-demo.nopcommerce.com/login"          # Steps.user_opens_URL(String)
    And User enters Email as "admin@yourstore.com" and Password as "admin" # Steps.user_enters_Email_as_and_Password_as(String,String)
    And Click on Login                                                     # Steps.click_on_Login()
    Then User can view Dashboad                                            # Steps.user_can_view_Dashboad()

  @sanity @regression
  Scenario: Search Customer by EMailID               # Features/Customers.feature:22
    When User click on customers Menu                # Steps.user_click_on_customers_Menu()
    And click on customers Menu Item                 # Steps.click_on_customers_Menu_Item()
      org.openqa.selenium.ElementNotInteractableException: element not interactable
  (Session info: chrome=81.0.4044.138)
Build info: version: '3.141.59', revision: 'e82be7d358', time: '2018-11-14T08:17:03'
System info: host: 'DESKTOP-85OHJUG', ip: '192.168.0.22', os.name: 'Windows 10', os.arch: 'amd64', os.version: '10.0', java.version: '1.8.0_241'
Driver info: org.openqa.selenium.chrome.ChromeDriver
Capabilities {acceptInsecureCerts: false, browserName: chrome, browserVersion: 81.0.4044.138, chrome: {chromedriverVersion: 81.0.4044.138 (8c6c7ba89cc9..., userDataDir: C:\Users\Viji\AppData\Local...}, goog:chromeOptions: {debuggerAddress: localhost:58042}, javascriptEnabled: true, networkConnectionEnabled: false, pageLoadStrategy: normal, platform: WINDOWS, platformName: WINDOWS, proxy: Proxy(), setWindowRect: true, strictFileInteractability: false, timeouts: {implicit: 0, pageLoad: 300000, script: 30000}, unhandledPromptBehavior: dismiss and notify, webauthn:virtualAuthenticators: true}
Session ID: 1847ec3e5b245267f4a01e034ff2813c
	at sun.reflect.NativeConstructorAccessorImpl.newInstance0(Native Method)
	at sun.reflect.NativeConstructorAccessorImpl.newInstance(NativeConstructorAccessorImpl.java:62)
	at sun.reflect.DelegatingConstructorAccessorImpl.newInstance(DelegatingConstructorAccessorImpl.java:45)
	at java.lang.reflect.Constructor.newInstance(Constructor.java:423)
	at org.openqa.selenium.remote.http.W3CHttpResponseCodec.createException(W3CHttpResponseCodec.java:187)
	at org.openqa.selenium.remote.http.W3CHttpResponseCodec.decode(W3CHttpResponseCodec.java:122)
	at org.openqa.selenium.remote.http.W3CHttpResponseCodec.decode(W3CHttpResponseCodec.java:49)
	at org.openqa.selenium.remote.HttpCommandExecutor.execute(HttpCommandExecutor.java:158)
	at org.openqa.selenium.remote.service.DriverCommandExecutor.execute(DriverCommandExecutor.java:83)
	at org.openqa.selenium.remote.RemoteWebDriver.execute(RemoteWebDriver.java:552)
	at org.openqa.selenium.remote.RemoteWebElement.execute(RemoteWebElement.java:285)
	at org.openqa.selenium.remote.RemoteWebElement.click(RemoteWebElement.java:84)
	at utilities.ElementActions.doClick(ElementActions.java:35)
	at pageObjects.AddCustomerPage.clickOnCustomersMenuItem(AddCustomerPage.java:63)
	at stepDefinitions.Steps.click_on_customers_Menu_Item(Steps.java:131)
	at ?.click on customers Menu Item(file:Features/Customers.feature:24)

    And Enter customer EMail                         # Steps.enter_customer_EMail()
    When Click on search button                      # Steps.click_on_search_button()
    Then User should found Email in the Search table # Steps.user_should_found_Email_in_the_Search_table()
    And close browser                                # Steps.close_browser()
]]></system-out>
    <system-err><![CDATA[Starting ChromeDriver 81.0.4044.138 (8c6c7ba89cc9453625af54f11fd83179e23450fa-refs/branch-heads/4044@{#999}) on port 44058
Only local connections are allowed.
Please protect ports used by ChromeDriver and related test frameworks to prevent access by malicious code.
May 20, 2020 11:57:07 PM org.openqa.selenium.remote.ProtocolHandshake createSession
INFO: Detected dialect: W3C
May 20, 2020 11:57:07 PM stepDefinitions.Steps setUp
INFO: *******Opening browser ******
May 20, 2020 11:57:11 PM stepDefinitions.Steps user_opens_URL
INFO: *******Opening url ******
[1590015434.814][SEVERE]: Timed out receiving message from renderer: 0.100
[1590015434.914][SEVERE]: Timed out receiving message from renderer: 0.100
[1590015435.016][SEVERE]: Timed out receiving message from renderer: 0.100
[1590015435.117][SEVERE]: Timed out receiving message from renderer: 0.100
[1590015435.218][SEVERE]: Timed out receiving message from renderer: 0.100
[1590015435.320][SEVERE]: Timed out receiving message from renderer: 0.100
[1590015435.423][SEVERE]: Timed out receiving message from renderer: 0.100
[1590015435.525][SEVERE]: Timed out receiving message from renderer: 0.100
[1590015436.154][SEVERE]: Timed out receiving message from renderer: 0.100
[1590015436.256][SEVERE]: Timed out receiving message from renderer: 0.100
May 20, 2020 11:57:16 PM stepDefinitions.Steps click_on_Login
INFO: *******Lauching Browser ******
]]></system-err>
  </testcase>
  <testcase name="Successful Login with Valid Credentials" classname="Login" time="12.865"/>
</testsuite>